 -1.554926 53.807632
 -1.554915 53.807659

 -1.554915 53.807659
 -1.554711 53.807613

 -1.554711 53.807613
 -1.554948 53.807526

 -1.554948 53.807526
 -1.554686 53.807621

 -1.554686 53.807621
 -1.554977 53.807365

 -1.554977 53.807365
 -1.555217 53.807384

 -1.555217 53.807384
 -1.555378 53.807404

 -1.555378 53.807404
 -1.555602 53.807419

 -1.555602 53.807419
 -1.555888 53.807461

 -1.555888 53.807461
 -1.556278 53.807514

 -1.556278 53.807514
 -1.556629 53.807564

 -1.556629 53.807564
 -1.556762 53.807583

 -1.556762 53.807583
 -1.556901 53.807598

 -1.556901 53.807598
 -1.557045 53.807625

 -1.557045 53.807625
 -1.557282 53.807655

 -1.557282 53.807655
 -1.557605 53.807713

 -1.557605 53.807713
 -1.557734 53.807735

 -1.557734 53.807735
 -1.558097 53.807789

 -1.558097 53.807789
 -1.558377 53.807831

 -1.558377 53.807831
 -1.558503 53.807850

 -1.558503 53.807850
 -1.558678 53.807873

 -1.558678 53.807873
 -1.558953 53.807899

 -1.558953 53.807899
 -1.559253 53.807945

 -1.559253 53.807945
 -1.559509 53.808018

 -1.559509 53.808018
 -1.559581 53.807938

 -1.559581 53.807938
 -1.559851 53.808002

 -1.559851 53.808002
 -1.559842 53.808117

 -1.559842 53.808117
 -1.559919 53.808144

 -1.559919 53.808144
 -1.559948 53.808186

